1
 
 
 
 
                      Warning: This computer program is protected by copyright law and international treaties.       
                  Unauthorized use, reproduction or distribution of this computer program, or any portion of it, may 
                                          result in severe civil and criminal penalties.                             
                         Copyright (C) 2022 Hexagon AB and/or its subsidiaries. All rights reserved.                 
 
 
                                              * * * * * * * * * * * * * * * * * * * *
                                              * * * * * * * * * * * * * * * * * * * *
                                              * *                                 * *
                                              * *           Hexagon AB            * *
                                              * *                                 * *
                                              * *                                 * *
                                              * *      M S C   N a s t r a n      * *
                                              * *                                 * *
                                              * *  S T U D E N T   E D I T I O N  * *
                                              * *                                 * *
                                              * *     Version 2022.1-CL872368     * *
                                              * *                                 * *
                                              * *                                 * *
                                              * *                                 * *
                                              * *          MAR 15, 2022           * *
                                              * *                                 * *
                                              * *              Intel              * *
                                              * * MODEL Intel(R) Core(TM) i5-2400 * *
                                              * *     Windows 10 Pro 6.2 9200     * *
                                              * * Compiled for 8664 (SINGLE Mode) * *
                                              * *                                 * *
                                              * * * * * * * * * * * * * * * * * * * *
                                              * * * * * * * * * * * * * * * * * * * *

 
 
                                                 This Student Edition version is  
                                                    valid until MAR 15, 2024.     
 
 
                  This program is being distributed as part of the Hexagon AB Student Edition. Use of this program   
                     or its results at a commercial installation, for commercial purposes, or for production work    
                                             I S   S T R I C T L Y  P R O H I B I T E D.                             
                  ==================================== FOR EDUCATIONAL USE ONLY =====================================
 
 
1News file - (Feb 15, 2022)
  
               Welcome to MSC Nastran 2022.1
  
  
   MSC Nastran brings powerful new features and enhancements for engineering
   solutions in several releases through the year. The focus in this release
   is on error fixes to improve the stability and robustness of the program.
  
     MSC Nastran 2022.1 Features and Enhancements
  
     Nonlinear
      - Contact enhancements
        - Smooth surface output control
        - Node-to-surface penetration control in transient analysis
      - Support for MSC CoSim 2022
        - scFlow temperature load input
        - ITER method support
        - Local coordinate system at coupling region
        - Initial displacement specification in scFlow based on Nastran
          analysis results
  
     High Performance Computing
      - Support running DMP across multiple compute nodes on Windows
  
     Documentation
     - The complete documentation set is provided in a separate installer and
       when installed is available at: MSC_DOC_DIR/doc/pdf_nastran directory,
       where MSC_DOC_DIR is the directory where documentation was installed.
       This help set includes cross references between documents, and links to
       how-to videos, and example files
  
     Individual MSC Nastran documents are available for download from the
       Simcompanion Website at:
       http://simcompanion.hexagon.com/
  
     These documents were updated for the MSC Nastran 2022.1 Release
  
         1.  MSC Nastran 2022.1 Installation and Operations Guide
         2.  MSC Nastran 2022.1 Quick Reference Guide
         3.  MSC Nastran 2022.1 Release Guide
         4.  MSC Nastran 2022.1 Linear Statics Analysis User's Guide
         5.  MSC Nastran 2022.1 Dynamic Analysis User's Guide
         6.  MSC Nastran 2022.1 Superelements User's Guide
         7.  MSC Nastran 2022.1 Rotordynamics User's Guide
         8.  MSC Nastran 2022.1 Demonstration Problems Manual
         9.  MSC Nastran 2022.1 Nastran Embedded Fatigue User's Guide
        10.  MSC Nastran 2022.1 Design Sensitivity and Optimization
        11.  MSC Nastran 2022.1 Nonlinear User's Guide SOL 400
        12.  MSC Nastran 2022.1 DMAP Programmer's Guide
1       13.  MSC Nastran 2022.1 High Performance Computing User's Guide
        14.  MSC Nastran 2022.1 New Verification Manual
        15.  MSC Nastran 2022.1 DEMATD Guide
        16.  MSC Nastran 2022.1 Explicit Nonlinear (SOL 700) User's Guide
  
   Please refer to  MSC_DOC_DIR/doc/pdf_nastran/nastran_library.pdf
   for the complete document set:
  
  
     Feature Deprecation List
     To streamline the MSC Nastran program and simplify ongoing maintenance
     activity, some obsolete capabilities have been identified and tagged for
     removal. This activity started in 2021 and continues through 2022.
     Please review the list of features marked for deprecation below to
     ensure that there will be no disruption to your use of MSC Nastran.
     If you see a feature that you currently use and do not wish to lose,
     contact MSC Technical Support to report it.
  
     Features tagged for removal:
     - SOL 600 nonlinear solution sequence
     - TAUCS solver
     - Obsolete DMAP modules
     - SSSALTERS
  
     Refer to the MSC Nastran Release Guide for more details.
  
  
   Additional information about the release can be found at the MSC Nastran
   Product Support page: http://simcompanion.hexagon.com
  
   The support page provides links to these valuable information:
      * A searchable Knowledge Base containing examples and answers to thousands
        of frequently asked questions written by MSC Software subject-matter
        experts.
      * Peer-to-peer Discussion Forums enabling you to post questions for your
        MSC Software products and receive answers from other users worldwide.
      * A list of known issues with the product and any workarounds.
      * Instructions on how to contact technical support
      * A mechanism for sending us product feedback or enhancement requests.
      * Hardware and software requirements.
      * Examples and Tutorials
      * and much more.
  
   For information on training, please visit our Training web site
  
      https://www.mscsoftware.com/msc-training
  
1                                                       **STUDENT EDITION*    MARCH  16, 2023  MSC Nastran  3/15/22   PAGE     1
                                                                                                                                    
0        N A S T R A N    F I L E    A N D    S Y S T E M    P A R A M E T E R    E C H O                                           
0                                                                                                                                   
                                                                                                                                    
                                                                                                                                    
     NASTRAN BUFFSIZE=8193 $(C:/PROGRAM FILES/MSC.SOFTWARE/NAPA_SE/20221/NASTRAN/CONF
     $ MSC.NASTRAN INPUT FILE CREATED ON MARCH     16, 2023 AT 18:44:47 BY           
     $ PATRAN 2022.1  (STUDENT EDITION)                                              
     $ DIRECT TEXT INPUT FOR NASTRAN SYSTEM CELL SECTION                             
     $ DIRECT TEXT INPUT FOR FILE MANAGEMENT SECTION                                 
     $ DIRECT TEXT INPUT FOR EXECUTIVE CONTROL                                       
     $ LINEAR STATIC ANALYSIS, DATABASE                                              
1                                                       **STUDENT EDITION*    MARCH  16, 2023  MSC Nastran  3/15/22   PAGE     2
                                                                                                                                    
0        N A S T R A N    E X E C U T I V E    C O N T R O L    E C H O                                                             
0                                                                                                                                   
                                                                                                                                    
                                                                                                                                    
     SOL 101                                                                                 
     CEND                                                                                    
1    MSC.NASTRAN JOB CREATED ON 16-MAR-23 AT 18:44:26   **STUDENT EDITION*    MARCH  16, 2023  MSC Nastran  3/15/22   PAGE     3
                                                                                                                                    
0                                                                                                                                   
0                                        C A S E    C O N T R O L    E C H O                                                        
                 COMMAND                                                                                                            
                 COUNT                                                                                                              
                  1      $ DIRECT TEXT INPUT FOR GLOBAL CASE CONTROL DATA                                        
                  2      TITLE = MSC.NASTRAN JOB CREATED ON 16-MAR-23 AT 18:44:26                                
                  3      ECHO = NONE                                                                             
                  4      SUBCASE 1                                                                               
                  5      $ SUBCASE NAME : DEFAULT                                                                
                  6         SUBTITLE=DEFAULT                                                                     
                  7         DISPLACEMENT(SORT1,REAL)=ALL                                                         
                  8         SPCFORCES(SORT1,REAL)=ALL                                                            
                  9         STRESS(SORT1,REAL,VONMISES,BILIN)=ALL                                                
                 10         EXTSEOUT(STIF,DAMP,MASS,EXTID=1,DMIGPCH)                                             
                 11      BEGIN BULK                                                                              
1    MSC.NASTRAN JOB CREATED ON 16-MAR-23 AT 18:44:26   **STUDENT EDITION*    MARCH  16, 2023  MSC Nastran  3/15/22   PAGE     4
                                                                                                                                    
0                                                                                                                                   
                                        M O D E L   S U M M A R Y          BULK = 0
                                   ENTRY NAME        NUMBER OF ENTRIES
                                   ----------        -----------------
                                         CBAR                       60
                                         GRID                       61
                                         MAT1                        1
                                       MDLPRM                        1
                                        PARAM                        1
                                        PBARL                        1

 ^^^     
 ^^^ >>> IFP OPERATIONS COMPLETE <<< 
 ^^^     
 *** USER INFORMATION MESSAGE 3 (crdb::nastran::Processor::writeInput)
 *** USER INFORMATION MESSAGE  (WRITE DATA BLOCK PVT, TRAILER[101, 5, 0, 0, 0, 0, 0])
 *** USER INFORMATION MESSAGE 3 (crdb::nastran::Processor::writeInput)
 *** USER INFORMATION MESSAGE  (WRITE DATA BLOCK CASECC, TRAILER[102, 1, 0, 1000, 0, 0, 0])
 *** USER INFORMATION MESSAGE 3 (crdb::nastran::Processor::writeInput)
 *** USER INFORMATION MESSAGE  (WRITE DATA BLOCK GEOM1Q, TRAILER[101, 0, 0, 8, 0, 0, 0])
 *** USER INFORMATION MESSAGE 3 (crdb::nastran::Processor::writeInput)
 *** USER INFORMATION MESSAGE  (WRITE DATA BLOCK EPT, TRAILER[101, 0, 4096, 0, 0, 0, 32])
 *** USER INFORMATION MESSAGE 3 (crdb::nastran::Processor::writeInput)
 *** USER INFORMATION MESSAGE  (WRITE DATA BLOCK MPT, TRAILER[102, 32768, 0, 0, 0, 0, 0])
 *** USER INFORMATION MESSAGE 3 (crdb::nastran::Processor::writeInput)
 *** USER INFORMATION MESSAGE  (WRITE DATA BLOCK GEOM2, TRAILER[103, 0, 256, 0, 0, 0, 0])
 *** USER INFORMATION MESSAGE 3 (crdb::nastran::Processor::writeInput)
 *** USER INFORMATION MESSAGE  (WRITE DATA BLOCK GEOM1, TRAILER[101, 0, 0, 8, 0, 0, 0])
 *** USER INFORMATION MESSAGE 3 (crdb::nastran::Processor::writeInput)
 *** USER INFORMATION MESSAGE  (WRITE DATA BLOCK EDT, TRAILER[103, 0, 0, 0, 0, 0, 4])
1    MSC.NASTRAN JOB CREATED ON 16-MAR-23 AT 18:44:26   **STUDENT EDITION*    MARCH  16, 2023  MSC Nastran  3/15/22   PAGE     5
                                                                                                                                    
0                                                                                                                                   
 *** USER INFORMATION MESSAGE 7310 (VECPRN)
     ORIGIN OF SUPERELEMENT OR MODULE BASIC COORDINATE SYSTEM WILL BE USED AS REFERENCE LOCATION.
     RESULTANTS ABOUT ORIGIN OF SUPERELEMENT OR MODULE BASIC COORDINATE SYSTEM IN SUPERELEMENT OR MODULE
     BASIC SYSTEM COORDINATES.
0                                                  OLOAD    RESULTANT       
  SUBCASE/    LOAD
  DAREA ID    TYPE       T1            T2            T3            R1            R2            R3
0        1     FX    0.000000E+00     ----          ----          ----       0.000000E+00  0.000000E+00                             
               FY       ----       0.000000E+00     ----       0.000000E+00     ----       0.000000E+00                             
               FZ       ----          ----       0.000000E+00  0.000000E+00  0.000000E+00     ----                                  
               MX       ----          ----          ----       0.000000E+00     ----          ----                                  
               MY       ----          ----          ----          ----       0.000000E+00     ----                                  
               MZ       ----          ----          ----          ----          ----       0.000000E+00                             
             TOTALS  0.000000E+00  0.000000E+00  0.000000E+00  0.000000E+00  0.000000E+00  0.000000E+00
1    MSC.NASTRAN JOB CREATED ON 16-MAR-23 AT 18:44:26   **STUDENT EDITION*    MARCH  16, 2023  MSC Nastran  3/15/22   PAGE     6
                                                                                                                                    
0                                                                                                            SUBCASE 1              
 *******************************************************************
 SUMMARY OF ACTIONS RESULTING FROM THE EXTSEOUT CASE CONTROL COMMAND
 *******************************************************************

 MATRIX DATA ACTION
 ------------------

 THE FOLLOWING MATRICES HAVE BEEN WRITTEN IN DMIG FORMAT ON THE STANDARD PUNCH (.PCH) FILE --

 STIFFNESS                 --  OUTPUT AS KAAX     DMIG MATRIX
 MASS                      --  OUTPUT AS MAAX     DMIG MATRIX

 BULK DATA ACTION
 ----------------

 BOUNDARY RELATED BULK DATA HAS BEEN WRITTEN ON THE STANDARD PUNCH (.PCH) FILE

 TYPE OF REDUCTION
 -----------------

 STATIC CONDENSATION

 LIST OF BOUNDARY POINTS (T-SET)
 -------------------------------

 POINT ID - COMP.    POINT ID - COMP.    POINT ID - COMP.    POINT ID - COMP.

     1000 - 123456       1001 - 123456       1002 - 123456       1003 - 123456
     1004 - 123456       1005 - 123456       1006 - 123456       1007 - 123456
     1008 - 123456       1009 - 123456       1010 - 123456       1011 - 123456
     1012 - 123456       1013 - 123456       1014 - 123456       1015 - 123456
     1016 - 123456       1017 - 123456       1018 - 123456       1019 - 123456
     1020 - 123456       1021 - 123456       1022 - 123456       1023 - 123456
     1024 - 123456       1025 - 123456       1026 - 123456       1027 - 123456
     1028 - 123456       1029 - 123456       1030 - 123456       1031 - 123456
     1032 - 123456       1033 - 123456       1034 - 123456       1035 - 123456
     1036 - 123456       1037 - 123456       1038 - 123456       1039 - 123456
     1040 - 123456       1041 - 123456       1042 - 123456       1043 - 123456
     1044 - 123456       1045 - 123456       1046 - 123456       1047 - 123456
     1048 - 123456       1049 - 123456       1050 - 123456       1051 - 123456
     1052 - 123456       1053 - 123456       1054 - 123456       1055 - 123456
     1056 - 123456       1057 - 123456       1058 - 123456       1059 - 123456
     1060 - 123456

1    MSC.NASTRAN JOB CREATED ON 16-MAR-23 AT 18:44:26   **STUDENT EDITION*    MARCH  16, 2023  MSC Nastran  3/15/22   PAGE     7
                                                                                                                                    
0                                                                                                            SUBCASE 1              
 * * * *  D B D I C T   P R I N T  * * * *      SUBDMAP = PRTSUM  ,  DMAP STATEMENT NO.     74



0                                   * * * *  A N A L Y S I S  S U M M A R Y  T A B L E  * * * *
0 SEID  PEID PROJ VERS APRCH      SEMG SEMR SEKR SELG SELR MODES DYNRED SOLLIN SOLNL LOOPID DESIGN CYCLE SENSITIVITY
 -------------------------------------------------------------------------------------------------------------------
     0     0    1    1 '        '    T    T    T    T    T     F      F      F     F     -1            0           F
0SEID = SUPERELEMENT ID.
 PEID = PRIMARY SUPERELEMENT ID OF IMAGE SUPERELEMENT.
 PROJ = PROJECT ID NUMBER.
 VERS = VERSION ID.
 APRCH = BLANK FOR STRUCTURAL ANALYSIS.  HEAT FOR HEAT TRANSFER ANALYSIS.
 SEMG = STIFFNESS AND MASS MATRIX GENERATION STEP.
 SEMR = MASS MATRIX REDUCTION STEP (INCLUDES EIGENVALUE SOLUTION FOR MODES).
 SEKR = STIFFNESS MATRIX REDUCTION STEP.
 SELG = LOAD MATRIX GENERATION STEP.
 SELR = LOAD MATRIX REDUCTION STEP. 
 MODES = T (TRUE) IF NORMAL MODES OR BUCKLING MODES CALCULATED.
 DYNRED = T (TRUE) MEANS GENERALIZED DYNAMIC AND/OR COMPONENT MODE REDUCTION PERFORMED.
 SOLLIN = T (TRUE) IF LINEAR SOLUTION EXISTS IN DATABASE.
 LOOPID = THE LAST LOOPID VALUE USED IN THE NONLINEAR ANALYSIS.  USEFUL FOR RESTARTS.
 SOLNL = T (TRUE) IF NONLINEAR SOLUTION EXISTS IN DATABASE.
 DESIGN CYCLE = THE LAST DESIGN CYCLE (ONLY VALID IN OPTIMIZATION).
 SENSITIVITY = SENSITIVITY MATRIX GENERATION FLAG.
 
 No PARAM values were set in the Control File.
 
1                                        * * * END OF JOB * * *
 
 
 No Symbolic Replacement variables or values were specified.

