1
 
 
 
 
                      Warning: This computer program is protected by copyright law and international treaties.       
                  Unauthorized use, reproduction or distribution of this computer program, or any portion of it, may 
                                          result in severe civil and criminal penalties.                             
                         Copyright (C) 2022 Hexagon AB and/or its subsidiaries. All rights reserved.                 
 
 
                                              * * * * * * * * * * * * * * * * * * * *
                                              * * * * * * * * * * * * * * * * * * * *
                                              * *                                 * *
                                              * *           Hexagon AB            * *
                                              * *                                 * *
                                              * *                                 * *
                                              * *      M S C   N a s t r a n      * *
                                              * *                                 * *
                                              * *  S T U D E N T   E D I T I O N  * *
                                              * *                                 * *
                                              * *     Version 2022.1-CL872368     * *
                                              * *                                 * *
                                              * *                                 * *
                                              * *                                 * *
                                              * *          MAR 15, 2022           * *
                                              * *                                 * *
                                              * *              Intel              * *
                                              * * MODEL Intel(R) Core(TM) i5-2400 * *
                                              * *     Windows 10 Pro 6.2 9200     * *
                                              * * Compiled for 8664 (SINGLE Mode) * *
                                              * *                                 * *
                                              * * * * * * * * * * * * * * * * * * * *
                                              * * * * * * * * * * * * * * * * * * * *

 
 
                                                 This Student Edition version is  
                                                    valid until MAR 15, 2024.     
 
 
                  This program is being distributed as part of the Hexagon AB Student Edition. Use of this program   
                     or its results at a commercial installation, for commercial purposes, or for production work    
                                             I S   S T R I C T L Y  P R O H I B I T E D.                             
                  ==================================== FOR EDUCATIONAL USE ONLY =====================================
 
 
1News file - (Feb 15, 2022)
  
               Welcome to MSC Nastran 2022.1
  
  
   MSC Nastran brings powerful new features and enhancements for engineering
   solutions in several releases through the year. The focus in this release
   is on error fixes to improve the stability and robustness of the program.
  
     MSC Nastran 2022.1 Features and Enhancements
  
     Nonlinear
      - Contact enhancements
        - Smooth surface output control
        - Node-to-surface penetration control in transient analysis
      - Support for MSC CoSim 2022
        - scFlow temperature load input
        - ITER method support
        - Local coordinate system at coupling region
        - Initial displacement specification in scFlow based on Nastran
          analysis results
  
     High Performance Computing
      - Support running DMP across multiple compute nodes on Windows
  
     Documentation
     - The complete documentation set is provided in a separate installer and
       when installed is available at: MSC_DOC_DIR/doc/pdf_nastran directory,
       where MSC_DOC_DIR is the directory where documentation was installed.
       This help set includes cross references between documents, and links to
       how-to videos, and example files
  
     Individual MSC Nastran documents are available for download from the
       Simcompanion Website at:
       http://simcompanion.hexagon.com/
  
     These documents were updated for the MSC Nastran 2022.1 Release
  
         1.  MSC Nastran 2022.1 Installation and Operations Guide
         2.  MSC Nastran 2022.1 Quick Reference Guide
         3.  MSC Nastran 2022.1 Release Guide
         4.  MSC Nastran 2022.1 Linear Statics Analysis User's Guide
         5.  MSC Nastran 2022.1 Dynamic Analysis User's Guide
         6.  MSC Nastran 2022.1 Superelements User's Guide
         7.  MSC Nastran 2022.1 Rotordynamics User's Guide
         8.  MSC Nastran 2022.1 Demonstration Problems Manual
         9.  MSC Nastran 2022.1 Nastran Embedded Fatigue User's Guide
        10.  MSC Nastran 2022.1 Design Sensitivity and Optimization
        11.  MSC Nastran 2022.1 Nonlinear User's Guide SOL 400
        12.  MSC Nastran 2022.1 DMAP Programmer's Guide
1       13.  MSC Nastran 2022.1 High Performance Computing User's Guide
        14.  MSC Nastran 2022.1 New Verification Manual
        15.  MSC Nastran 2022.1 DEMATD Guide
        16.  MSC Nastran 2022.1 Explicit Nonlinear (SOL 700) User's Guide
  
   Please refer to  MSC_DOC_DIR/doc/pdf_nastran/nastran_library.pdf
   for the complete document set:
  
  
     Feature Deprecation List
     To streamline the MSC Nastran program and simplify ongoing maintenance
     activity, some obsolete capabilities have been identified and tagged for
     removal. This activity started in 2021 and continues through 2022.
     Please review the list of features marked for deprecation below to
     ensure that there will be no disruption to your use of MSC Nastran.
     If you see a feature that you currently use and do not wish to lose,
     contact MSC Technical Support to report it.
  
     Features tagged for removal:
     - SOL 600 nonlinear solution sequence
     - TAUCS solver
     - Obsolete DMAP modules
     - SSSALTERS
  
     Refer to the MSC Nastran Release Guide for more details.
  
  
   Additional information about the release can be found at the MSC Nastran
   Product Support page: http://simcompanion.hexagon.com
  
   The support page provides links to these valuable information:
      * A searchable Knowledge Base containing examples and answers to thousands
        of frequently asked questions written by MSC Software subject-matter
        experts.
      * Peer-to-peer Discussion Forums enabling you to post questions for your
        MSC Software products and receive answers from other users worldwide.
      * A list of known issues with the product and any workarounds.
      * Instructions on how to contact technical support
      * A mechanism for sending us product feedback or enhancement requests.
      * Hardware and software requirements.
      * Examples and Tutorials
      * and much more.
  
   For information on training, please visit our Training web site
  
      https://www.mscsoftware.com/msc-training
  
1                                                       **STUDENT EDITION*    MARCH  11, 2023  MSC Nastran  3/15/22   PAGE     1
                                                                                                                                    
0        N A S T R A N    F I L E    A N D    S Y S T E M    P A R A M E T E R    E C H O                                           
0                                                                                                                                   
                                                                                                                                    
                                                                                                                                    
     NASTRAN BUFFSIZE=8193 $(C:/PROGRAM FILES/MSC.SOFTWARE/NAPA_SE/20221/NASTRAN/CONF
     $ MSC.NASTRAN INPUT FILE CREATED ON MARCH     11, 2023 AT 18:57:53 BY           
     $ PATRAN 2022.1  (STUDENT EDITION)                                              
     $ DIRECT TEXT INPUT FOR NASTRAN SYSTEM CELL SECTION                             
     $ DIRECT TEXT INPUT FOR FILE MANAGEMENT SECTION                                 
     $ DIRECT TEXT INPUT FOR EXECUTIVE CONTROL                                       
     $ LINEAR STATIC ANALYSIS, DATABASE                                              
1                                                       **STUDENT EDITION*    MARCH  11, 2023  MSC Nastran  3/15/22   PAGE     2
                                                                                                                                    
0        N A S T R A N    E X E C U T I V E    C O N T R O L    E C H O                                                             
0                                                                                                                                   
                                                                                                                                    
                                                                                                                                    
     SOL 101                                                                                 
     CEND                                                                                    
1    MSC.NASTRAN JOB CREATED ON 11-MAR-23 AT 18:57:24   **STUDENT EDITION*    MARCH  11, 2023  MSC Nastran  3/15/22   PAGE     3
                                                                                                                                    
0                                                                                                                                   
0                                        C A S E    C O N T R O L    E C H O                                                        
                 COMMAND                                                                                                            
                 COUNT                                                                                                              
                  1      $ DIRECT TEXT INPUT FOR GLOBAL CASE CONTROL DATA                                        
                  2      TITLE = MSC.NASTRAN JOB CREATED ON 11-MAR-23 AT 18:57:24                                
                  3      ECHO = NONE                                                                             
                  4      SUBCASE 1                                                                               
                  5      $ SUBCASE NAME : DEFAULT                                                                
                  6         SUBTITLE=DEFAULT                                                                     
                  7         DISPLACEMENT(SORT1,REAL)=ALL                                                         
                  8         SPCFORCES(SORT1,REAL)=ALL                                                            
                  9         STRESS(SORT1,REAL,VONMISES,BILIN)=ALL                                                
                 10         EXTSEOUT(STIF,DAMP,MASS,EXTID=1,DMIGPCH)                                             
                 11      BEGIN BULK                                                                              
1    MSC.NASTRAN JOB CREATED ON 11-MAR-23 AT 18:57:24   **STUDENT EDITION*    MARCH  11, 2023  MSC Nastran  3/15/22   PAGE     4
                                                                                                                                    
0                                                                                                                                   
                                        M O D E L   S U M M A R Y          BULK = 0
                                   ENTRY NAME        NUMBER OF ENTRIES
                                   ----------        -----------------
                                         CROD                       60
                                         GRID                       61
                                         MAT1                        1
                                       MDLPRM                        1
                                        PARAM                        1
                                         PROD                        1

 ^^^     
 ^^^ >>> IFP OPERATIONS COMPLETE <<< 
 ^^^     
 *** USER INFORMATION MESSAGE 3 (crdb::nastran::Processor::writeInput)
 *** USER INFORMATION MESSAGE  (WRITE DATA BLOCK PVT, TRAILER[101, 5, 0, 0, 0, 0, 0])
 *** USER INFORMATION MESSAGE 3 (crdb::nastran::Processor::writeInput)
 *** USER INFORMATION MESSAGE  (WRITE DATA BLOCK CASECC, TRAILER[102, 1, 0, 1000, 0, 0, 0])
 *** USER INFORMATION MESSAGE 3 (crdb::nastran::Processor::writeInput)
 *** USER INFORMATION MESSAGE  (WRITE DATA BLOCK GEOM1Q, TRAILER[101, 0, 0, 8, 0, 0, 0])
 *** USER INFORMATION MESSAGE 3 (crdb::nastran::Processor::writeInput)
 *** USER INFORMATION MESSAGE  (WRITE DATA BLOCK EPT, TRAILER[101, 128, 0, 0, 0, 0, 0])
 *** USER INFORMATION MESSAGE 3 (crdb::nastran::Processor::writeInput)
 *** USER INFORMATION MESSAGE  (WRITE DATA BLOCK MPT, TRAILER[102, 32768, 0, 0, 0, 0, 0])
 *** USER INFORMATION MESSAGE 3 (crdb::nastran::Processor::writeInput)
 *** USER INFORMATION MESSAGE  (WRITE DATA BLOCK GEOM2, TRAILER[103, 0, 4, 0, 0, 0, 0])
 *** USER INFORMATION MESSAGE 3 (crdb::nastran::Processor::writeInput)
 *** USER INFORMATION MESSAGE  (WRITE DATA BLOCK GEOM1, TRAILER[101, 0, 0, 8, 0, 0, 0])
 *** USER INFORMATION MESSAGE 3 (crdb::nastran::Processor::writeInput)
 *** USER INFORMATION MESSAGE  (WRITE DATA BLOCK EDT, TRAILER[103, 0, 0, 0, 0, 0, 4])
1    MSC.NASTRAN JOB CREATED ON 11-MAR-23 AT 18:57:24   **STUDENT EDITION*    MARCH  11, 2023  MSC Nastran  3/15/22   PAGE     5
                                                                                                                                    
0                                                                                                                                   
 *** USER INFORMATION MESSAGE 7310 (VECPRN)
     ORIGIN OF SUPERELEMENT OR MODULE BASIC COORDINATE SYSTEM WILL BE USED AS REFERENCE LOCATION.
     RESULTANTS ABOUT ORIGIN OF SUPERELEMENT OR MODULE BASIC COORDINATE SYSTEM IN SUPERELEMENT OR MODULE
     BASIC SYSTEM COORDINATES.
0                                                  OLOAD    RESULTANT       
  SUBCASE/    LOAD
  DAREA ID    TYPE       T1            T2            T3            R1            R2            R3
0        1     FX    0.000000E+00     ----          ----          ----       0.000000E+00  0.000000E+00                             
               FY       ----       0.000000E+00     ----       0.000000E+00     ----       0.000000E+00                             
               FZ       ----          ----       0.000000E+00  0.000000E+00  0.000000E+00     ----                                  
               MX       ----          ----          ----       0.000000E+00     ----          ----                                  
               MY       ----          ----          ----          ----       0.000000E+00     ----                                  
               MZ       ----          ----          ----          ----          ----       0.000000E+00                             
             TOTALS  0.000000E+00  0.000000E+00  0.000000E+00  0.000000E+00  0.000000E+00  0.000000E+00
1    MSC.NASTRAN JOB CREATED ON 11-MAR-23 AT 18:57:24   **STUDENT EDITION*    MARCH  11, 2023  MSC Nastran  3/15/22   PAGE     6
                                                                                                                                    
0                                                                                                            SUBCASE 1              
0                                         G R I D   P O I N T   S I N G U L A R I T Y   T A B L E
0                             POINT    TYPE   FAILED      STIFFNESS       OLD USET           NEW USET
                               ID            DIRECTION      RATIO     EXCLUSIVE  UNION   EXCLUSIVE  UNION
                             1000        G      1         0.00E+00          B        F         SB       S    *
                             1000        G      3         0.00E+00          B        F         SB       S    *
                             1000        G      4         0.00E+00          B        F         SB       S    *
                             1000        G      5         0.00E+00          B        F         SB       S    *
                             1000        G      6         0.00E+00          B        F         SB       S    *
                             1001        G      1         0.00E+00          B        F         SB       S    *
                             1001        G      3         0.00E+00          B        F         SB       S    *
                             1001        G      4         0.00E+00          B        F         SB       S    *
                             1001        G      5         0.00E+00          B        F         SB       S    *
                             1001        G      6         0.00E+00          B        F         SB       S    *
                             1002        G      1         0.00E+00          B        F         SB       S    *
                             1002        G      3         0.00E+00          B        F         SB       S    *
                             1002        G      4         0.00E+00          B        F         SB       S    *
                             1002        G      5         0.00E+00          B        F         SB       S    *
                             1002        G      6         0.00E+00          B        F         SB       S    *
                             1003        G      1         0.00E+00          B        F         SB       S    *
                             1003        G      3         0.00E+00          B        F         SB       S    *
                             1003        G      4         0.00E+00          B        F         SB       S    *
                             1003        G      5         0.00E+00          B        F         SB       S    *
                             1003        G      6         0.00E+00          B        F         SB       S    *
                             1004        G      1         0.00E+00          B        F         SB       S    *
                             1004        G      3         0.00E+00          B        F         SB       S    *
                             1004        G      4         0.00E+00          B        F         SB       S    *
                             1004        G      5         0.00E+00          B        F         SB       S    *
                             1004        G      6         0.00E+00          B        F         SB       S    *
                             1005        G      1         0.00E+00          B        F         SB       S    *
                             1005        G      3         0.00E+00          B        F         SB       S    *
                             1005        G      4         0.00E+00          B        F         SB       S    *
                             1005        G      5         0.00E+00          B        F         SB       S    *
                             1005        G      6         0.00E+00          B        F         SB       S    *
                             1006        G      1         0.00E+00          B        F         SB       S    *
                             1006        G      3         0.00E+00          B        F         SB       S    *
                             1006        G      4         0.00E+00          B        F         SB       S    *
                             1006        G      5         0.00E+00          B        F         SB       S    *
                             1006        G      6         0.00E+00          B        F         SB       S    *
                             1007        G      1         0.00E+00          B        F         SB       S    *
                             1007        G      3         0.00E+00          B        F         SB       S    *
                             1007        G      4         0.00E+00          B        F         SB       S    *
                             1007        G      5         0.00E+00          B        F         SB       S    *
                             1007        G      6         0.00E+00          B        F         SB       S    *
                             1008        G      1         0.00E+00          B        F         SB       S    *
                             1008        G      3         0.00E+00          B        F         SB       S    *
                             1008        G      4         0.00E+00          B        F         SB       S    *
                             1008        G      5         0.00E+00          B        F         SB       S    *
                             1008        G      6         0.00E+00          B        F         SB       S    *
                             1009        G      1         0.00E+00          B        F         SB       S    *
                             1009        G      3         0.00E+00          B        F         SB       S    *
                             1009        G      4         0.00E+00          B        F         SB       S    *
                             1009        G      5         0.00E+00          B        F         SB       S    *
                             1009        G      6         0.00E+00          B        F         SB       S    *
1    MSC.NASTRAN JOB CREATED ON 11-MAR-23 AT 18:57:24   **STUDENT EDITION*    MARCH  11, 2023  MSC Nastran  3/15/22   PAGE     7
                                                                                                                                    
0                                                                                                            SUBCASE 1              
0                                         G R I D   P O I N T   S I N G U L A R I T Y   T A B L E
0                             POINT    TYPE   FAILED      STIFFNESS       OLD USET           NEW USET
                               ID            DIRECTION      RATIO     EXCLUSIVE  UNION   EXCLUSIVE  UNION
                             1010        G      1         0.00E+00          B        F         SB       S    *
                             1010        G      3         0.00E+00          B        F         SB       S    *
                             1010        G      4         0.00E+00          B        F         SB       S    *
                             1010        G      5         0.00E+00          B        F         SB       S    *
                             1010        G      6         0.00E+00          B        F         SB       S    *
                             1011        G      1         0.00E+00          B        F         SB       S    *
                             1011        G      3         0.00E+00          B        F         SB       S    *
                             1011        G      4         0.00E+00          B        F         SB       S    *
                             1011        G      5         0.00E+00          B        F         SB       S    *
                             1011        G      6         0.00E+00          B        F         SB       S    *
                             1012        G      1         0.00E+00          B        F         SB       S    *
                             1012        G      3         0.00E+00          B        F         SB       S    *
                             1012        G      4         0.00E+00          B        F         SB       S    *
                             1012        G      5         0.00E+00          B        F         SB       S    *
                             1012        G      6         0.00E+00          B        F         SB       S    *
                             1013        G      1         0.00E+00          B        F         SB       S    *
                             1013        G      3         0.00E+00          B        F         SB       S    *
                             1013        G      4         0.00E+00          B        F         SB       S    *
                             1013        G      5         0.00E+00          B        F         SB       S    *
                             1013        G      6         0.00E+00          B        F         SB       S    *
                             1014        G      1         0.00E+00          B        F         SB       S    *
                             1014        G      3         0.00E+00          B        F         SB       S    *
                             1014        G      4         0.00E+00          B        F         SB       S    *
                             1014        G      5         0.00E+00          B        F         SB       S    *
                             1014        G      6         0.00E+00          B        F         SB       S    *
                             1015        G      1         0.00E+00          B        F         SB       S    *
                             1015        G      3         0.00E+00          B        F         SB       S    *
                             1015        G      4         0.00E+00          B        F         SB       S    *
                             1015        G      5         0.00E+00          B        F         SB       S    *
                             1015        G      6         0.00E+00          B        F         SB       S    *
                             1016        G      1         0.00E+00          B        F         SB       S    *
                             1016        G      3         0.00E+00          B        F         SB       S    *
                             1016        G      4         0.00E+00          B        F         SB       S    *
                             1016        G      5         0.00E+00          B        F         SB       S    *
                             1016        G      6         0.00E+00          B        F         SB       S    *
                             1017        G      1         0.00E+00          B        F         SB       S    *
                             1017        G      3         0.00E+00          B        F         SB       S    *
                             1017        G      4         0.00E+00          B        F         SB       S    *
                             1017        G      5         0.00E+00          B        F         SB       S    *
                             1017        G      6         0.00E+00          B        F         SB       S    *
                             1018        G      1         0.00E+00          B        F         SB       S    *
                             1018        G      3         0.00E+00          B        F         SB       S    *
                             1018        G      4         0.00E+00          B        F         SB       S    *
                             1018        G      5         0.00E+00          B        F         SB       S    *
                             1018        G      6         0.00E+00          B        F         SB       S    *
                             1019        G      1         0.00E+00          B        F         SB       S    *
                             1019        G      3         0.00E+00          B        F         SB       S    *
                             1019        G      4         0.00E+00          B        F         SB       S    *
                             1019        G      5         0.00E+00          B        F         SB       S    *
                             1019        G      6         0.00E+00          B        F         SB       S    *
1    MSC.NASTRAN JOB CREATED ON 11-MAR-23 AT 18:57:24   **STUDENT EDITION*    MARCH  11, 2023  MSC Nastran  3/15/22   PAGE     8
                                                                                                                                    
0                                                                                                            SUBCASE 1              
0                                         G R I D   P O I N T   S I N G U L A R I T Y   T A B L E
0                             POINT    TYPE   FAILED      STIFFNESS       OLD USET           NEW USET
                               ID            DIRECTION      RATIO     EXCLUSIVE  UNION   EXCLUSIVE  UNION
                             1020        G      1         0.00E+00          B        F         SB       S    *
                             1020        G      3         0.00E+00          B        F         SB       S    *
                             1020        G      4         0.00E+00          B        F         SB       S    *
                             1020        G      5         0.00E+00          B        F         SB       S    *
                             1020        G      6         0.00E+00          B        F         SB       S    *
                             1021        G      1         0.00E+00          B        F         SB       S    *
                             1021        G      3         0.00E+00          B        F         SB       S    *
                             1021        G      4         0.00E+00          B        F         SB       S    *
                             1021        G      5         0.00E+00          B        F         SB       S    *
                             1021        G      6         0.00E+00          B        F         SB       S    *
                             1022        G      1         0.00E+00          B        F         SB       S    *
                             1022        G      3         0.00E+00          B        F         SB       S    *
                             1022        G      4         0.00E+00          B        F         SB       S    *
                             1022        G      5         0.00E+00          B        F         SB       S    *
                             1022        G      6         0.00E+00          B        F         SB       S    *
                             1023        G      1         0.00E+00          B        F         SB       S    *
                             1023        G      3         0.00E+00          B        F         SB       S    *
                             1023        G      4         0.00E+00          B        F         SB       S    *
                             1023        G      5         0.00E+00          B        F         SB       S    *
                             1023        G      6         0.00E+00          B        F         SB       S    *
                             1024        G      1         0.00E+00          B        F         SB       S    *
                             1024        G      3         0.00E+00          B        F         SB       S    *
                             1024        G      4         0.00E+00          B        F         SB       S    *
                             1024        G      5         0.00E+00          B        F         SB       S    *
                             1024        G      6         0.00E+00          B        F         SB       S    *
                             1025        G      1         0.00E+00          B        F         SB       S    *
                             1025        G      3         0.00E+00          B        F         SB       S    *
                             1025        G      4         0.00E+00          B        F         SB       S    *
                             1025        G      5         0.00E+00          B        F         SB       S    *
                             1025        G      6         0.00E+00          B        F         SB       S    *
                             1026        G      1         0.00E+00          B        F         SB       S    *
                             1026        G      3         0.00E+00          B        F         SB       S    *
                             1026        G      4         0.00E+00          B        F         SB       S    *
                             1026        G      5         0.00E+00          B        F         SB       S    *
                             1026        G      6         0.00E+00          B        F         SB       S    *
                             1027        G      1         0.00E+00          B        F         SB       S    *
                             1027        G      3         0.00E+00          B        F         SB       S    *
                             1027        G      4         0.00E+00          B        F         SB       S    *
                             1027        G      5         0.00E+00          B        F         SB       S    *
                             1027        G      6         0.00E+00          B        F         SB       S    *
                             1028        G      1         0.00E+00          B        F         SB       S    *
                             1028        G      3         0.00E+00          B        F         SB       S    *
                             1028        G      4         0.00E+00          B        F         SB       S    *
                             1028        G      5         0.00E+00          B        F         SB       S    *
                             1028        G      6         0.00E+00          B        F         SB       S    *
                             1029        G      1         0.00E+00          B        F         SB       S    *
                             1029        G      3         0.00E+00          B        F         SB       S    *
                             1029        G      4         0.00E+00          B        F         SB       S    *
                             1029        G      5         0.00E+00          B        F         SB       S    *
                             1029        G      6         0.00E+00          B        F         SB       S    *
1    MSC.NASTRAN JOB CREATED ON 11-MAR-23 AT 18:57:24   **STUDENT EDITION*    MARCH  11, 2023  MSC Nastran  3/15/22   PAGE     9
                                                                                                                                    
0                                                                                                            SUBCASE 1              
0                                         G R I D   P O I N T   S I N G U L A R I T Y   T A B L E
0                             POINT    TYPE   FAILED      STIFFNESS       OLD USET           NEW USET
                               ID            DIRECTION      RATIO     EXCLUSIVE  UNION   EXCLUSIVE  UNION
                             1030        G      1         0.00E+00          B        F         SB       S    *
                             1030        G      3         0.00E+00          B        F         SB       S    *
                             1030        G      4         0.00E+00          B        F         SB       S    *
                             1030        G      5         0.00E+00          B        F         SB       S    *
                             1030        G      6         0.00E+00          B        F         SB       S    *
                             1031        G      1         0.00E+00          B        F         SB       S    *
                             1031        G      3         0.00E+00          B        F         SB       S    *
                             1031        G      4         0.00E+00          B        F         SB       S    *
                             1031        G      5         0.00E+00          B        F         SB       S    *
                             1031        G      6         0.00E+00          B        F         SB       S    *
                             1032        G      1         0.00E+00          B        F         SB       S    *
                             1032        G      3         0.00E+00          B        F         SB       S    *
                             1032        G      4         0.00E+00          B        F         SB       S    *
                             1032        G      5         0.00E+00          B        F         SB       S    *
                             1032        G      6         0.00E+00          B        F         SB       S    *
                             1033        G      1         0.00E+00          B        F         SB       S    *
                             1033        G      3         0.00E+00          B        F         SB       S    *
                             1033        G      4         0.00E+00          B        F         SB       S    *
                             1033        G      5         0.00E+00          B        F         SB       S    *
                             1033        G      6         0.00E+00          B        F         SB       S    *
                             1034        G      1         0.00E+00          B        F         SB       S    *
                             1034        G      3         0.00E+00          B        F         SB       S    *
                             1034        G      4         0.00E+00          B        F         SB       S    *
                             1034        G      5         0.00E+00          B        F         SB       S    *
                             1034        G      6         0.00E+00          B        F         SB       S    *
                             1035        G      1         0.00E+00          B        F         SB       S    *
                             1035        G      3         0.00E+00          B        F         SB       S    *
                             1035        G      4         0.00E+00          B        F         SB       S    *
                             1035        G      5         0.00E+00          B        F         SB       S    *
                             1035        G      6         0.00E+00          B        F         SB       S    *
                             1036        G      1         0.00E+00          B        F         SB       S    *
                             1036        G      3         0.00E+00          B        F         SB       S    *
                             1036        G      4         0.00E+00          B        F         SB       S    *
                             1036        G      5         0.00E+00          B        F         SB       S    *
                             1036        G      6         0.00E+00          B        F         SB       S    *
                             1037        G      1         0.00E+00          B        F         SB       S    *
                             1037        G      3         0.00E+00          B        F         SB       S    *
                             1037        G      4         0.00E+00          B        F         SB       S    *
                             1037        G      5         0.00E+00          B        F         SB       S    *
                             1037        G      6         0.00E+00          B        F         SB       S    *
                             1038        G      1         0.00E+00          B        F         SB       S    *
                             1038        G      3         0.00E+00          B        F         SB       S    *
                             1038        G      4         0.00E+00          B        F         SB       S    *
                             1038        G      5         0.00E+00          B        F         SB       S    *
                             1038        G      6         0.00E+00          B        F         SB       S    *
                             1039        G      1         0.00E+00          B        F         SB       S    *
                             1039        G      3         0.00E+00          B        F         SB       S    *
                             1039        G      4         0.00E+00          B        F         SB       S    *
                             1039        G      5         0.00E+00          B        F         SB       S    *
                             1039        G      6         0.00E+00          B        F         SB       S    *
1    MSC.NASTRAN JOB CREATED ON 11-MAR-23 AT 18:57:24   **STUDENT EDITION*    MARCH  11, 2023  MSC Nastran  3/15/22   PAGE    10
                                                                                                                                    
0                                                                                                            SUBCASE 1              
0                                         G R I D   P O I N T   S I N G U L A R I T Y   T A B L E
0                             POINT    TYPE   FAILED      STIFFNESS       OLD USET           NEW USET
                               ID            DIRECTION      RATIO     EXCLUSIVE  UNION   EXCLUSIVE  UNION
                             1040        G      1         0.00E+00          B        F         SB       S    *
                             1040        G      3         0.00E+00          B        F         SB       S    *
                             1040        G      4         0.00E+00          B        F         SB       S    *
                             1040        G      5         0.00E+00          B        F         SB       S    *
                             1040        G      6         0.00E+00          B        F         SB       S    *
                             1041        G      1         0.00E+00          B        F         SB       S    *
                             1041        G      3         0.00E+00          B        F         SB       S    *
                             1041        G      4         0.00E+00          B        F         SB       S    *
                             1041        G      5         0.00E+00          B        F         SB       S    *
                             1041        G      6         0.00E+00          B        F         SB       S    *
                             1042        G      1         0.00E+00          B        F         SB       S    *
                             1042        G      3         0.00E+00          B        F         SB       S    *
                             1042        G      4         0.00E+00          B        F         SB       S    *
                             1042        G      5         0.00E+00          B        F         SB       S    *
                             1042        G      6         0.00E+00          B        F         SB       S    *
                             1043        G      1         0.00E+00          B        F         SB       S    *
                             1043        G      3         0.00E+00          B        F         SB       S    *
                             1043        G      4         0.00E+00          B        F         SB       S    *
                             1043        G      5         0.00E+00          B        F         SB       S    *
                             1043        G      6         0.00E+00          B        F         SB       S    *
                             1044        G      1         0.00E+00          B        F         SB       S    *
                             1044        G      3         0.00E+00          B        F         SB       S    *
                             1044        G      4         0.00E+00          B        F         SB       S    *
                             1044        G      5         0.00E+00          B        F         SB       S    *
                             1044        G      6         0.00E+00          B        F         SB       S    *
                             1045        G      1         0.00E+00          B        F         SB       S    *
                             1045        G      3         0.00E+00          B        F         SB       S    *
                             1045        G      4         0.00E+00          B        F         SB       S    *
                             1045        G      5         0.00E+00          B        F         SB       S    *
                             1045        G      6         0.00E+00          B        F         SB       S    *
                             1046        G      1         0.00E+00          B        F         SB       S    *
                             1046        G      3         0.00E+00          B        F         SB       S    *
                             1046        G      4         0.00E+00          B        F         SB       S    *
                             1046        G      5         0.00E+00          B        F         SB       S    *
                             1046        G      6         0.00E+00          B        F         SB       S    *
                             1047        G      1         0.00E+00          B        F         SB       S    *
                             1047        G      3         0.00E+00          B        F         SB       S    *
                             1047        G      4         0.00E+00          B        F         SB       S    *
                             1047        G      5         0.00E+00          B        F         SB       S    *
                             1047        G      6         0.00E+00          B        F         SB       S    *
                             1048        G      1         0.00E+00          B        F         SB       S    *
                             1048        G      3         0.00E+00          B        F         SB       S    *
                             1048        G      4         0.00E+00          B        F         SB       S    *
                             1048        G      5         0.00E+00          B        F         SB       S    *
                             1048        G      6         0.00E+00          B        F         SB       S    *
                             1049        G      1         0.00E+00          B        F         SB       S    *
                             1049        G      3         0.00E+00          B        F         SB       S    *
                             1049        G      4         0.00E+00          B        F         SB       S    *
                             1049        G      5         0.00E+00          B        F         SB       S    *
                             1049        G      6         0.00E+00          B        F         SB       S    *
1    MSC.NASTRAN JOB CREATED ON 11-MAR-23 AT 18:57:24   **STUDENT EDITION*    MARCH  11, 2023  MSC Nastran  3/15/22   PAGE    11
                                                                                                                                    
0                                                                                                            SUBCASE 1              
0                                         G R I D   P O I N T   S I N G U L A R I T Y   T A B L E
0                             POINT    TYPE   FAILED      STIFFNESS       OLD USET           NEW USET
                               ID            DIRECTION      RATIO     EXCLUSIVE  UNION   EXCLUSIVE  UNION
                             1050        G      1         0.00E+00          B        F         SB       S    *
                             1050        G      3         0.00E+00          B        F         SB       S    *
                             1050        G      4         0.00E+00          B        F         SB       S    *
                             1050        G      5         0.00E+00          B        F         SB       S    *
                             1050        G      6         0.00E+00          B        F         SB       S    *
                             1051        G      1         0.00E+00          B        F         SB       S    *
                             1051        G      3         0.00E+00          B        F         SB       S    *
                             1051        G      4         0.00E+00          B        F         SB       S    *
                             1051        G      5         0.00E+00          B        F         SB       S    *
                             1051        G      6         0.00E+00          B        F         SB       S    *
                             1052        G      1         0.00E+00          B        F         SB       S    *
                             1052        G      3         0.00E+00          B        F         SB       S    *
                             1052        G      4         0.00E+00          B        F         SB       S    *
                             1052        G      5         0.00E+00          B        F         SB       S    *
                             1052        G      6         0.00E+00          B        F         SB       S    *
                             1053        G      1         0.00E+00          B        F         SB       S    *
                             1053        G      3         0.00E+00          B        F         SB       S    *
                             1053        G      4         0.00E+00          B        F         SB       S    *
                             1053        G      5         0.00E+00          B        F         SB       S    *
                             1053        G      6         0.00E+00          B        F         SB       S    *
                             1054        G      1         0.00E+00          B        F         SB       S    *
                             1054        G      3         0.00E+00          B        F         SB       S    *
                             1054        G      4         0.00E+00          B        F         SB       S    *
                             1054        G      5         0.00E+00          B        F         SB       S    *
                             1054        G      6         0.00E+00          B        F         SB       S    *
                             1055        G      1         0.00E+00          B        F         SB       S    *
                             1055        G      3         0.00E+00          B        F         SB       S    *
                             1055        G      4         0.00E+00          B        F         SB       S    *
                             1055        G      5         0.00E+00          B        F         SB       S    *
                             1055        G      6         0.00E+00          B        F         SB       S    *
                             1056        G      1         0.00E+00          B        F         SB       S    *
                             1056        G      3         0.00E+00          B        F         SB       S    *
                             1056        G      4         0.00E+00          B        F         SB       S    *
                             1056        G      5         0.00E+00          B        F         SB       S    *
                             1056        G      6         0.00E+00          B        F         SB       S    *
                             1057        G      1         0.00E+00          B        F         SB       S    *
                             1057        G      3         0.00E+00          B        F         SB       S    *
                             1057        G      4         0.00E+00          B        F         SB       S    *
                             1057        G      5         0.00E+00          B        F         SB       S    *
                             1057        G      6         0.00E+00          B        F         SB       S    *
                             1058        G      1         0.00E+00          B        F         SB       S    *
                             1058        G      3         0.00E+00          B        F         SB       S    *
                             1058        G      4         0.00E+00          B        F         SB       S    *
                             1058        G      5         0.00E+00          B        F         SB       S    *
                             1058        G      6         0.00E+00          B        F         SB       S    *
                             1059        G      1         0.00E+00          B        F         SB       S    *
                             1059        G      3         0.00E+00          B        F         SB       S    *
                             1059        G      4         0.00E+00          B        F         SB       S    *
                             1059        G      5         0.00E+00          B        F         SB       S    *
                             1059        G      6         0.00E+00          B        F         SB       S    *
1    MSC.NASTRAN JOB CREATED ON 11-MAR-23 AT 18:57:24   **STUDENT EDITION*    MARCH  11, 2023  MSC Nastran  3/15/22   PAGE    12
                                                                                                                                    
0                                                                                                            SUBCASE 1              
0                                         G R I D   P O I N T   S I N G U L A R I T Y   T A B L E
0                             POINT    TYPE   FAILED      STIFFNESS       OLD USET           NEW USET
                               ID            DIRECTION      RATIO     EXCLUSIVE  UNION   EXCLUSIVE  UNION
                             1060        G      1         0.00E+00          B        F         SB       S    *
                             1060        G      3         0.00E+00          B        F         SB       S    *
                             1060        G      4         0.00E+00          B        F         SB       S    *
                             1060        G      5         0.00E+00          B        F         SB       S    *
                             1060        G      6         0.00E+00          B        F         SB       S    *
1    MSC.NASTRAN JOB CREATED ON 11-MAR-23 AT 18:57:24   **STUDENT EDITION*    MARCH  11, 2023  MSC Nastran  3/15/22   PAGE    13
                                                                                                                                    
0                                                                                                            SUBCASE 1              
 *******************************************************************
 SUMMARY OF ACTIONS RESULTING FROM THE EXTSEOUT CASE CONTROL COMMAND
 *******************************************************************

 MATRIX DATA ACTION
 ------------------

 THE FOLLOWING MATRICES HAVE BEEN WRITTEN IN DMIG FORMAT ON THE STANDARD PUNCH (.PCH) FILE --

 STIFFNESS                 --  OUTPUT AS KAAX     DMIG MATRIX
 MASS                      --  OUTPUT AS MAAX     DMIG MATRIX

 BULK DATA ACTION
 ----------------

 BOUNDARY RELATED BULK DATA HAS BEEN WRITTEN ON THE STANDARD PUNCH (.PCH) FILE

 TYPE OF REDUCTION
 -----------------

 STATIC CONDENSATION

 LIST OF BOUNDARY POINTS (T-SET)
 -------------------------------

 POINT ID - COMP.    POINT ID - COMP.    POINT ID - COMP.    POINT ID - COMP.

     1000 -      2       1001 -      2       1002 -      2       1003 -      2
     1004 -      2       1005 -      2       1006 -      2       1007 -      2
     1008 -      2       1009 -      2       1010 -      2       1011 -      2
     1012 -      2       1013 -      2       1014 -      2       1015 -      2
     1016 -      2       1017 -      2       1018 -      2       1019 -      2
     1020 -      2       1021 -      2       1022 -      2       1023 -      2
     1024 -      2       1025 -      2       1026 -      2       1027 -      2
     1028 -      2       1029 -      2       1030 -      2       1031 -      2
     1032 -      2       1033 -      2       1034 -      2       1035 -      2
     1036 -      2       1037 -      2       1038 -      2       1039 -      2
     1040 -      2       1041 -      2       1042 -      2       1043 -      2
     1044 -      2       1045 -      2       1046 -      2       1047 -      2
     1048 -      2       1049 -      2       1050 -      2       1051 -      2
     1052 -      2       1053 -      2       1054 -      2       1055 -      2
     1056 -      2       1057 -      2       1058 -      2       1059 -      2
     1060 -      2

1    MSC.NASTRAN JOB CREATED ON 11-MAR-23 AT 18:57:24   **STUDENT EDITION*    MARCH  11, 2023  MSC Nastran  3/15/22   PAGE    14
                                                                                                                                    
0                                                                                                            SUBCASE 1              
 * * * *  D B D I C T   P R I N T  * * * *      SUBDMAP = PRTSUM  ,  DMAP STATEMENT NO.     74



0                                   * * * *  A N A L Y S I S  S U M M A R Y  T A B L E  * * * *
0 SEID  PEID PROJ VERS APRCH      SEMG SEMR SEKR SELG SELR MODES DYNRED SOLLIN SOLNL LOOPID DESIGN CYCLE SENSITIVITY
 -------------------------------------------------------------------------------------------------------------------
     0     0    1    1 '        '    T    T    T    T    T     F      F      F     F     -1            0           F
0SEID = SUPERELEMENT ID.
 PEID = PRIMARY SUPERELEMENT ID OF IMAGE SUPERELEMENT.
 PROJ = PROJECT ID NUMBER.
 VERS = VERSION ID.
 APRCH = BLANK FOR STRUCTURAL ANALYSIS.  HEAT FOR HEAT TRANSFER ANALYSIS.
 SEMG = STIFFNESS AND MASS MATRIX GENERATION STEP.
 SEMR = MASS MATRIX REDUCTION STEP (INCLUDES EIGENVALUE SOLUTION FOR MODES).
 SEKR = STIFFNESS MATRIX REDUCTION STEP.
 SELG = LOAD MATRIX GENERATION STEP.
 SELR = LOAD MATRIX REDUCTION STEP. 
 MODES = T (TRUE) IF NORMAL MODES OR BUCKLING MODES CALCULATED.
 DYNRED = T (TRUE) MEANS GENERALIZED DYNAMIC AND/OR COMPONENT MODE REDUCTION PERFORMED.
 SOLLIN = T (TRUE) IF LINEAR SOLUTION EXISTS IN DATABASE.
 LOOPID = THE LAST LOOPID VALUE USED IN THE NONLINEAR ANALYSIS.  USEFUL FOR RESTARTS.
 SOLNL = T (TRUE) IF NONLINEAR SOLUTION EXISTS IN DATABASE.
 DESIGN CYCLE = THE LAST DESIGN CYCLE (ONLY VALID IN OPTIMIZATION).
 SENSITIVITY = SENSITIVITY MATRIX GENERATION FLAG.
 
 No PARAM values were set in the Control File.
 
1                                        * * * END OF JOB * * *
 
 
 No Symbolic Replacement variables or values were specified.

