1
 
 
 
 
                      Warning: This computer program is protected by copyright law and international treaties.       
                  Unauthorized use, reproduction or distribution of this computer program, or any portion of it, may 
                                          result in severe civil and criminal penalties.                             
                         Copyright (C) 2022 Hexagon AB and/or its subsidiaries. All rights reserved.                 
 
 
                                              * * * * * * * * * * * * * * * * * * * *
                                              * * * * * * * * * * * * * * * * * * * *
                                              * *                                 * *
                                              * *           Hexagon AB            * *
                                              * *                                 * *
                                              * *                                 * *
                                              * *      M S C   N a s t r a n      * *
                                              * *                                 * *
                                              * *  S T U D E N T   E D I T I O N  * *
                                              * *                                 * *
                                              * *     Version 2022.1-CL872368     * *
                                              * *                                 * *
                                              * *                                 * *
                                              * *                                 * *
                                              * *          MAR 15, 2022           * *
                                              * *                                 * *
                                              * *              Intel              * *
                                              * *MODEL Intel Xeon Processor (Casc * *
                                              * *  Windows 10 Education 6.2 9200  * *
                                              * * Compiled for 8664 (SINGLE Mode) * *
                                              * *                                 * *
                                              * * * * * * * * * * * * * * * * * * * *
                                              * * * * * * * * * * * * * * * * * * * *

 
 
                                                 This Student Edition version is  
                                                    valid until MAR 15, 2024.     
 
 
                  This program is being distributed as part of the Hexagon AB Student Edition. Use of this program   
                     or its results at a commercial installation, for commercial purposes, or for production work    
                                             I S   S T R I C T L Y  P R O H I B I T E D.                             
                  ==================================== FOR EDUCATIONAL USE ONLY =====================================
 
 
1News file - (Feb 15, 2022)
  
               Welcome to MSC Nastran 2022.1
  
  
   MSC Nastran brings powerful new features and enhancements for engineering
   solutions in several releases through the year. The focus in this release
   is on error fixes to improve the stability and robustness of the program.
  
     MSC Nastran 2022.1 Features and Enhancements
  
     Nonlinear
      - Contact enhancements
        - Smooth surface output control
        - Node-to-surface penetration control in transient analysis
      - Support for MSC CoSim 2022
        - scFlow temperature load input
        - ITER method support
        - Local coordinate system at coupling region
        - Initial displacement specification in scFlow based on Nastran
          analysis results
  
     High Performance Computing
      - Support running DMP across multiple compute nodes on Windows
  
     Documentation
     - The complete documentation set is provided in a separate installer and
       when installed is available at: MSC_DOC_DIR/doc/pdf_nastran directory,
       where MSC_DOC_DIR is the directory where documentation was installed.
       This help set includes cross references between documents, and links to
       how-to videos, and example files
  
     Individual MSC Nastran documents are available for download from the
       Simcompanion Website at:
       http://simcompanion.hexagon.com/
  
     These documents were updated for the MSC Nastran 2022.1 Release
  
         1.  MSC Nastran 2022.1 Installation and Operations Guide
         2.  MSC Nastran 2022.1 Quick Reference Guide
         3.  MSC Nastran 2022.1 Release Guide
         4.  MSC Nastran 2022.1 Linear Statics Analysis User's Guide
         5.  MSC Nastran 2022.1 Dynamic Analysis User's Guide
         6.  MSC Nastran 2022.1 Superelements User's Guide
         7.  MSC Nastran 2022.1 Rotordynamics User's Guide
         8.  MSC Nastran 2022.1 Demonstration Problems Manual
         9.  MSC Nastran 2022.1 Nastran Embedded Fatigue User's Guide
        10.  MSC Nastran 2022.1 Design Sensitivity and Optimization
        11.  MSC Nastran 2022.1 Nonlinear User's Guide SOL 400
        12.  MSC Nastran 2022.1 DMAP Programmer's Guide
1       13.  MSC Nastran 2022.1 High Performance Computing User's Guide
        14.  MSC Nastran 2022.1 New Verification Manual
        15.  MSC Nastran 2022.1 DEMATD Guide
        16.  MSC Nastran 2022.1 Explicit Nonlinear (SOL 700) User's Guide
  
   Please refer to  MSC_DOC_DIR/doc/pdf_nastran/nastran_library.pdf
   for the complete document set:
  
  
     Feature Deprecation List
     To streamline the MSC Nastran program and simplify ongoing maintenance
     activity, some obsolete capabilities have been identified and tagged for
     removal. This activity started in 2021 and continues through 2022.
     Please review the list of features marked for deprecation below to
     ensure that there will be no disruption to your use of MSC Nastran.
     If you see a feature that you currently use and do not wish to lose,
     contact MSC Technical Support to report it.
  
     Features tagged for removal:
     - SOL 600 nonlinear solution sequence
     - TAUCS solver
     - Obsolete DMAP modules
     - SSSALTERS
  
     Refer to the MSC Nastran Release Guide for more details.
  
  
   Additional information about the release can be found at the MSC Nastran
   Product Support page: http://simcompanion.hexagon.com
  
   The support page provides links to these valuable information:
      * A searchable Knowledge Base containing examples and answers to thousands
        of frequently asked questions written by MSC Software subject-matter
        experts.
      * Peer-to-peer Discussion Forums enabling you to post questions for your
        MSC Software products and receive answers from other users worldwide.
      * A list of known issues with the product and any workarounds.
      * Instructions on how to contact technical support
      * A mechanism for sending us product feedback or enhancement requests.
      * Hardware and software requirements.
      * Examples and Tutorials
      * and much more.
  
   For information on training, please visit our Training web site
  
      https://www.mscsoftware.com/msc-training
  
1                                                       **STUDENT EDITION*     JUNE   3, 2023  MSC Nastran  3/15/22   PAGE     1
                                                                                                                                    
0        N A S T R A N    F I L E    A N D    S Y S T E M    P A R A M E T E R    E C H O                                           
0                                                                                                                                   
                                                                                                                                    
                                                                                                                                    
     NASTRAN BUFFSIZE=8193 $(C:/PROGRAM FILES/MSC.SOFTWARE/NAPA_SE/20221/NASTRAN/CONF
1                                                       **STUDENT EDITION*     JUNE   3, 2023  MSC Nastran  3/15/22   PAGE     2
                                                                                                                                    
0        N A S T R A N    E X E C U T I V E    C O N T R O L    E C H O                                                             
0                                                                                                                                   
                                                                                                                                    
                                                                                                                                    
     SOL 103                                                                                 
     CEND                                                                                    
1    RIGID BODY FREQUENCY CHECK                         **STUDENT EDITION*     JUNE   3, 2023  MSC Nastran  3/15/22   PAGE     3
                                                                                                                                    
0                                                                                                                                   
0                                        C A S E    C O N T R O L    E C H O                                                        
                 COMMAND                                                                                                            
                 COUNT                                                                                                              
                  1      $ DIRECT TEXT INPUT FOR GLOBAL CASE CONTROL DATA                                        
                  2      TITLE = RIGID BODY FREQUENCY CHECK                                                      
                  3      ECHO = NONE                                                                             
                  4      RESVEC = NO                                                                             
                  5      LINES = 50000                                                                           
                  6      SUBCASE 1                                                                               
                  7      $ SUBCASE NAME : FREQ_RIGID_CHECK                                                       
                  8         SUBTITLE=FREQ_RIGID_CHECK                                                            
                  9         METHOD = 1                                                                           
                 10         VECTOR(PLOT,SORT1,REAL)=ALL                                                          
                 11      BEGIN BULK                                                                              
1    RIGID BODY FREQUENCY CHECK                         **STUDENT EDITION*     JUNE   3, 2023  MSC Nastran  3/15/22   PAGE     4
                                                                                                                                    
0                                                                                                                                   
                                              I N P U T   B U L K   D A T A   E C H O                                               
                 ENTRY                                                                                                              
                 COUNT        .   1  ..   2  ..   3  ..   4  ..   5  ..   6  ..   7  ..   8  ..   9  ..  10  .                      
                              $INCLUDE "../../Microsat.bdf"
                              $END OF INCLUDE "../../Microsat.bdf"
1    RIGID BODY FREQUENCY CHECK                         **STUDENT EDITION*     JUNE   3, 2023  MSC Nastran  3/15/22   PAGE     5
                                                                                                                                    
0                                                                                                                                   
                                        M O D E L   S U M M A R Y          BULK = 0
                                   ENTRY NAME        NUMBER OF ENTRIES
                                   ----------        -----------------
                                         CBAR                     1308
                                        CBUSH                       12
                                        CONM2                        3
                                       CQUAD4                     3979
                                       CTRIA3                       98
                                        EIGRL                        1
                                         GRID                     3951
                                         MAT1                        2
                                        PARAM                        2
                                         PBAR                        9
                                        PBARL                        2
                                        PBUSH                        1
                                       PSHELL                        5
                                         RBE2                        3

 ^^^     
 ^^^ >>> IFP OPERATIONS COMPLETE <<< 
 ^^^     
 *** USER INFORMATION MESSAGE 5010 (LNCILS)
     STURM SEQUENCE DATA FOR EIGENVALUE EXTRACTION.
     TRIAL EIGENVALUE = 7.807881D+03, CYCLES = 1.406328D+01 THE STURM COUNT = 6
 *** USER INFORMATION MESSAGE 5010 (LNCILS)
     STURM SEQUENCE DATA FOR EIGENVALUE EXTRACTION.
     TRIAL EIGENVALUE = 8.518227D+05, CYCLES = 1.468909D+02 THE STURM COUNT = 7

 TABLE OF SHIFTS:  (LNNRIGL)
 SHIFT #        SHIFT VALUE         FREQUENCY, CYCLES     # EIGENVALUES BELOW    # NEW EIGENVALUES FOUND
     1.        7.8078812E+03          1.4063283E+01                 6                        7
     2.        8.5182275E+05          1.4689085E+02                 7                        0

1    RIGID BODY FREQUENCY CHECK                         **STUDENT EDITION*     JUNE   3, 2023  MSC Nastran  3/15/22   PAGE     6
                                                                                                                                    
0                                                                                                            SUBCASE 1              
0


                          E I G E N V A L U E  A N A L Y S I S   S U M M A R Y   (READ MODULE) 



                                     BLOCK SIZE USED ......................     7

                                     NUMBER OF DECOMPOSITIONS .............     2

                                     NUMBER OF ROOTS FOUND ................     7

                                     NUMBER OF SOLVES REQUIRED ............     9

1    RIGID BODY FREQUENCY CHECK                         **STUDENT EDITION*     JUNE   3, 2023  MSC Nastran  3/15/22   PAGE     7
                                                                                                                                    
0                                                                                                            SUBCASE 1              
 
                                              R E A L   E I G E N V A L U E S
   MODE    EXTRACTION      EIGENVALUE            RADIANS             CYCLES            GENERALIZED         GENERALIZED
    NO.       ORDER                                                                       MASS              STIFFNESS
        1         1       -5.608827E-07        7.489210E-04        1.191945E-04        1.000000E+00       -5.608827E-07
        2         2       -1.667058E-07        4.082963E-04        6.498237E-05        1.000000E+00       -1.667058E-07
        3         3       -1.957869E-08        1.399239E-04        2.226958E-05        1.000000E+00       -1.957869E-08
        4         4        3.708010E-09        6.089343E-05        9.691490E-06        1.000000E+00        3.708010E-09
        5         5        1.822345E-07        4.268894E-04        6.794156E-05        1.000000E+00        1.822345E-07
        6         6        3.544592E-07        5.953648E-04        9.475524E-05        1.000000E+00        3.544592E-07
        7         7        7.716192E+05        8.784186E+02        1.398047E+02        1.000000E+00        7.716192E+05
1    RIGID BODY FREQUENCY CHECK                         **STUDENT EDITION*     JUNE   3, 2023  MSC Nastran  3/15/22   PAGE     8
                                                                                                                                    
0                                                                                                            SUBCASE 1              
0                                                  MAXIMUM  DISPLACEMENTS   
  SUBCASE/
  DAREA ID        T1             T2             T3             R1             R2             R3
0        1   3.3463714E-01  2.7045934E-01  1.2485714E-01  1.9604531E-01  3.2884891E-01  7.9867659E-01
0        2   2.7641476E-01  2.3996276E-01  1.3122775E-01  1.3757124E-01  4.3265225E-01  5.2776940E-01
0        3   1.8809084E-01  2.5475069E-01  1.0306721E-01  3.3818880E-01  3.3486182E-03  4.2232664E-01
0        4   1.8271697E-01  2.0507806E-01  2.3867680E-01  3.9774204E-01  2.4387731E-01  2.3668544E-01
0        5   1.2153839E-01  1.8808133E-01  2.5383495E-01  4.3202789E-01  2.2260540E-01  1.6512763E-01
0        6   2.6426978E-01  2.2584507E-01  1.3486919E-01  1.8398504E-01  3.8217604E-01  3.3327469E-01
0        7   1.4791180E-01  1.4791293E-01  3.0729013E-01  2.8045491E+00  2.8045482E+00  1.0116245E+00
1    RIGID BODY FREQUENCY CHECK                         **STUDENT EDITION*     JUNE   3, 2023  MSC Nastran  3/15/22   PAGE     9
                                                                                                                                    
0                                                                                                            SUBCASE 1              
 * * * *  D B D I C T   P R I N T  * * * *      SUBDMAP = PRTSUM  ,  DMAP STATEMENT NO.     74



0                                   * * * *  A N A L Y S I S  S U M M A R Y  T A B L E  * * * *
0 SEID  PEID PROJ VERS APRCH      SEMG SEMR SEKR SELG SELR MODES DYNRED SOLLIN SOLNL LOOPID DESIGN CYCLE SENSITIVITY
 -------------------------------------------------------------------------------------------------------------------
     0     0    1    1 '        '    T    T    T    F    F     T      F      T     F     -1            0           F
0SEID = SUPERELEMENT ID.
 PEID = PRIMARY SUPERELEMENT ID OF IMAGE SUPERELEMENT.
 PROJ = PROJECT ID NUMBER.
 VERS = VERSION ID.
 APRCH = BLANK FOR STRUCTURAL ANALYSIS.  HEAT FOR HEAT TRANSFER ANALYSIS.
 SEMG = STIFFNESS AND MASS MATRIX GENERATION STEP.
 SEMR = MASS MATRIX REDUCTION STEP (INCLUDES EIGENVALUE SOLUTION FOR MODES).
 SEKR = STIFFNESS MATRIX REDUCTION STEP.
 SELG = LOAD MATRIX GENERATION STEP.
 SELR = LOAD MATRIX REDUCTION STEP. 
 MODES = T (TRUE) IF NORMAL MODES OR BUCKLING MODES CALCULATED.
 DYNRED = T (TRUE) MEANS GENERALIZED DYNAMIC AND/OR COMPONENT MODE REDUCTION PERFORMED.
 SOLLIN = T (TRUE) IF LINEAR SOLUTION EXISTS IN DATABASE.
 LOOPID = THE LAST LOOPID VALUE USED IN THE NONLINEAR ANALYSIS.  USEFUL FOR RESTARTS.
 SOLNL = T (TRUE) IF NONLINEAR SOLUTION EXISTS IN DATABASE.
 DESIGN CYCLE = THE LAST DESIGN CYCLE (ONLY VALID IN OPTIMIZATION).
 SENSITIVITY = SENSITIVITY MATRIX GENERATION FLAG.
 
 No PARAM values were set in the Control File.
 
1                                        * * * END OF JOB * * *
 
 
 No Symbolic Replacement variables or values were specified.

