1
 
 
 
 
                      Warning: This computer program is protected by copyright law and international treaties.       
                  Unauthorized use, reproduction or distribution of this computer program, or any portion of it, may 
                                          result in severe civil and criminal penalties.                             
                         Copyright (C) 2022 Hexagon AB and/or its subsidiaries. All rights reserved.                 
 
 
                                              * * * * * * * * * * * * * * * * * * * *
                                              * * * * * * * * * * * * * * * * * * * *
                                              * *                                 * *
                                              * *           Hexagon AB            * *
                                              * *                                 * *
                                              * *                                 * *
                                              * *      M S C   N a s t r a n      * *
                                              * *                                 * *
                                              * *  S T U D E N T   E D I T I O N  * *
                                              * *                                 * *
                                              * *     Version 2022.1-CL872368     * *
                                              * *                                 * *
                                              * *                                 * *
                                              * *                                 * *
                                              * *          MAR 15, 2022           * *
                                              * *                                 * *
                                              * *              Intel              * *
                                              * *MODEL Intel(R) Core(TM) i7-8750H * *
                                              * *    Windows 10 Home 6.2 9200     * *
                                              * * Compiled for 8664 (SINGLE Mode) * *
                                              * *                                 * *
                                              * * * * * * * * * * * * * * * * * * * *
                                              * * * * * * * * * * * * * * * * * * * *

 
 
                                                 This Student Edition version is  
                                                    valid until MAR 15, 2024.     
 
 
                  This program is being distributed as part of the Hexagon AB Student Edition. Use of this program   
                     or its results at a commercial installation, for commercial purposes, or for production work    
                                             I S   S T R I C T L Y  P R O H I B I T E D.                             
                  ==================================== FOR EDUCATIONAL USE ONLY =====================================
 
 
1News file - (Feb 15, 2022)
  
               Welcome to MSC Nastran 2022.1
  
  
   MSC Nastran brings powerful new features and enhancements for engineering
   solutions in several releases through the year. The focus in this release
   is on error fixes to improve the stability and robustness of the program.
  
     MSC Nastran 2022.1 Features and Enhancements
  
     Nonlinear
      - Contact enhancements
        - Smooth surface output control
        - Node-to-surface penetration control in transient analysis
      - Support for MSC CoSim 2022
        - scFlow temperature load input
        - ITER method support
        - Local coordinate system at coupling region
        - Initial displacement specification in scFlow based on Nastran
          analysis results
  
     High Performance Computing
      - Support running DMP across multiple compute nodes on Windows
  
     Documentation
     - The complete documentation set is provided in a separate installer and
       when installed is available at: MSC_DOC_DIR/doc/pdf_nastran directory,
       where MSC_DOC_DIR is the directory where documentation was installed.
       This help set includes cross references between documents, and links to
       how-to videos, and example files
  
     Individual MSC Nastran documents are available for download from the
       Simcompanion Website at:
       http://simcompanion.hexagon.com/
  
     These documents were updated for the MSC Nastran 2022.1 Release
  
         1.  MSC Nastran 2022.1 Installation and Operations Guide
         2.  MSC Nastran 2022.1 Quick Reference Guide
         3.  MSC Nastran 2022.1 Release Guide
         4.  MSC Nastran 2022.1 Linear Statics Analysis User's Guide
         5.  MSC Nastran 2022.1 Dynamic Analysis User's Guide
         6.  MSC Nastran 2022.1 Superelements User's Guide
         7.  MSC Nastran 2022.1 Rotordynamics User's Guide
         8.  MSC Nastran 2022.1 Demonstration Problems Manual
         9.  MSC Nastran 2022.1 Nastran Embedded Fatigue User's Guide
        10.  MSC Nastran 2022.1 Design Sensitivity and Optimization
        11.  MSC Nastran 2022.1 Nonlinear User's Guide SOL 400
        12.  MSC Nastran 2022.1 DMAP Programmer's Guide
1       13.  MSC Nastran 2022.1 High Performance Computing User's Guide
        14.  MSC Nastran 2022.1 New Verification Manual
        15.  MSC Nastran 2022.1 DEMATD Guide
        16.  MSC Nastran 2022.1 Explicit Nonlinear (SOL 700) User's Guide
  
   Please refer to  MSC_DOC_DIR/doc/pdf_nastran/nastran_library.pdf
   for the complete document set:
  
  
     Feature Deprecation List
     To streamline the MSC Nastran program and simplify ongoing maintenance
     activity, some obsolete capabilities have been identified and tagged for
     removal. This activity started in 2021 and continues through 2022.
     Please review the list of features marked for deprecation below to
     ensure that there will be no disruption to your use of MSC Nastran.
     If you see a feature that you currently use and do not wish to lose,
     contact MSC Technical Support to report it.
  
     Features tagged for removal:
     - SOL 600 nonlinear solution sequence
     - TAUCS solver
     - Obsolete DMAP modules
     - SSSALTERS
  
     Refer to the MSC Nastran Release Guide for more details.
  
  
   Additional information about the release can be found at the MSC Nastran
   Product Support page: http://simcompanion.hexagon.com
  
   The support page provides links to these valuable information:
      * A searchable Knowledge Base containing examples and answers to thousands
        of frequently asked questions written by MSC Software subject-matter
        experts.
      * Peer-to-peer Discussion Forums enabling you to post questions for your
        MSC Software products and receive answers from other users worldwide.
      * A list of known issues with the product and any workarounds.
      * Instructions on how to contact technical support
      * A mechanism for sending us product feedback or enhancement requests.
      * Hardware and software requirements.
      * Examples and Tutorials
      * and much more.
  
   For information on training, please visit our Training web site
  
      https://www.mscsoftware.com/msc-training
  
 *** USER WARNING MESSAGE 333 (GETLIN)
     THE BEGIN BULK STATEMENT IS MISSING. A BEGIN BULK STATEMENT WILL BE INSERTED BY THE PROGRAM
1                                                       **STUDENT EDITION*      MAY  12, 2023  MSC Nastran  3/15/22   PAGE     1
                                                                                                                                    
0        N A S T R A N    F I L E    A N D    S Y S T E M    P A R A M E T E R    E C H O                                           
0                                                                                                                                   
                                                                                                                                    
                                                                                                                                    
     NASTRAN BUFFSIZE=8193 $(C:/PROGRAM FILES/MSC.SOFTWARE/NAPA_SE/20221/NASTRAN/CONF
     $ ELEMENTS AND ELEMENT PROPERTIES FOR REGION : 2D_SHELL_AL6061                  
1                                                       **STUDENT EDITION*      MAY  12, 2023  MSC Nastran  3/15/22   PAGE     2
                                                                                                                                    
0        N A S T R A N    E X E C U T I V E    C O N T R O L    E C H O                                                             
0                                                                                                                                   
                                                                                                                                    
                                                                                                                                    
     CEND       $ GENERATED BY GETLIN                                                        
 *** USER INFORMATION MESSAGE 480 (XSEMIN)
     JOB TERMINATED DUE TO LACK OF SOL, COMPILE, OR LINK CARDS IN THE EXECUTIVE CONTROL SECTION.
 
 No PARAM values were set in the Control File.
 
1                                        * * * END OF JOB * * *
 
 
No Symbolic Replacement variables or values were specified.

